<?xml version="1.0" encoding="UTF-8"?>
<testng-results skipped="0" failed="0" ignored="0" total="1" passed="1">
  <reporter-output>
  </reporter-output>
  <suite name="Surefire suite" duration-ms="2804" started-at="2019-10-14T10:05:19Z" finished-at="2019-10-14T10:05:22Z">
    <groups>
    </groups>
    <test name="Surefire test" duration-ms="2804" started-at="2019-10-14T10:05:19Z" finished-at="2019-10-14T10:05:22Z">
      <class name="com.api.test.CarbonCreditsScenario">
        <test-method status="PASS" signature="validateElementsOfCarbonCreditsApi() throws java.lang.Exception" name="validateElementsOfCarbonCreditsApi" duration-ms="2510" started-at="2019-10-14T10:05:19Z" finished-at="2019-10-14T10:05:22Z">
          <reporter-output>
          </reporter-output>
        </test-method> <!-- validateElementsOfCarbonCreditsApi -->
      </class> <!-- com.api.test.CarbonCreditsScenario -->
    </test> <!-- Surefire test -->
  </suite> <!-- Surefire suite -->
</testng-results>
